Job ID: 3208840
Node: gput072
GPU: 0
Start time: Mon Mar 16 16:40:11 EDT 2026
Device: cuda  |  alpha=0.5  |  lr=0.0001  |  epochs=150
TrainConfig(image_root='/home/cxv166/PhantomTesting/Data_Root', mtf_folder='/home/cxv166/PhantomTesting/MTF_Results_Output', psd_folder='/home/cxv166/PhantomTesting/PSD_Results_Output', alpha=0.5, lr=0.0001, epochs=150, batch_size=32, resume=False, sched_factor=0.5, sched_patience=5, sched_min_lr=1e-07)
Finding volume pairs...
Found 130 volume pairs
Cached 260 unique volumes
Total slices: 5602
Memory usage: 27.30 GB
Images — train: 5041, val: 561
MTF — train: 185,  val: 47
Parameters: 7,769,585

--- Epoch 1/150  (lr=1.00e-04) ---
control_scale: 1.499899983406067
  train — total: 0.7609  recon: 0.0800  mtf: 0.6198
  val   — total: 0.4823  recon: 0.0911  mtf: 0.4934
  ** new best val loss: 0.482261 **

--- Epoch 2/150  (lr=1.00e-04) ---
control_scale: 1.4864168167114258
  train — total: 0.3951  recon: 0.0808  mtf: 0.2515
  val   — total: 0.4119  recon: 0.0797  mtf: 0.2694
  ** new best val loss: 0.411937 **

--- Epoch 3/150  (lr=1.00e-04) ---
control_scale: 1.4799251556396484
  train — total: 0.3211  recon: 0.0808  mtf: 0.1170
  val   — total: 0.3620  recon: 0.0798  mtf: 0.1185
  ** new best val loss: 0.361959 **

--- Epoch 4/150  (lr=1.00e-04) ---
control_scale: 1.4763402938842773
  train — total: 0.2917  recon: 0.0805  mtf: 0.0731
  val   — total: 0.3616  recon: 0.0798  mtf: 0.1439
  ** new best val loss: 0.361640 **

--- Epoch 5/150  (lr=1.00e-04) ---
control_scale: 1.4742889404296875
  train — total: 0.2814  recon: 0.0803  mtf: 0.0601
  val   — total: 0.3834  recon: 0.0799  mtf: 0.1088

--- Epoch 6/150  (lr=1.00e-04) ---
control_scale: 1.4728305339813232
  train — total: 0.2780  recon: 0.0802  mtf: 0.0560
  val   — total: 0.3680  recon: 0.0798  mtf: 0.1213

--- Epoch 7/150  (lr=1.00e-04) ---
control_scale: 1.4716453552246094
  train — total: 0.2781  recon: 0.0800  mtf: 0.0562
  val   — total: 0.3446  recon: 0.0797  mtf: 0.1314
  ** new best val loss: 0.344606 **

--- Epoch 8/150  (lr=1.00e-04) ---
control_scale: 1.4705065488815308
  train — total: 0.2758  recon: 0.0798  mtf: 0.0538
  val   — total: 0.3372  recon: 0.0797  mtf: 0.1216
  ** new best val loss: 0.337218 **

--- Epoch 9/150  (lr=1.00e-04) ---
control_scale: 1.4694695472717285
  train — total: 0.2714  recon: 0.0798  mtf: 0.0512
  val   — total: 0.3956  recon: 0.0799  mtf: 0.1325

--- Epoch 10/150  (lr=1.00e-04) ---
control_scale: 1.4684468507766724
  train — total: 0.2692  recon: 0.0797  mtf: 0.0487
  val   — total: 0.3861  recon: 0.0798  mtf: 0.1498

--- Epoch 11/150  (lr=1.00e-04) ---
control_scale: 1.4674755334854126
  train — total: 0.2686  recon: 0.0797  mtf: 0.0470
  val   — total: 0.3868  recon: 0.0798  mtf: 0.1545

--- Epoch 12/150  (lr=1.00e-04) ---
control_scale: 1.466417670249939
  train — total: 0.2659  recon: 0.0798  mtf: 0.0459
  val   — total: 0.3425  recon: 0.0797  mtf: 0.1180

--- Epoch 13/150  (lr=1.00e-04) ---
control_scale: 1.465456485748291
  train — total: 0.2655  recon: 0.0797  mtf: 0.0447
  val   — total: 0.4177  recon: 0.0798  mtf: 0.1832

--- Epoch 14/150  (lr=1.00e-04) ---
control_scale: 1.4645432233810425
LR dropped: 1.00e-04 -> 5.00e-05
  train — total: 0.2637  recon: 0.0796  mtf: 0.0426
  val   — total: 0.3955  recon: 0.0799  mtf: 0.1134

--- Epoch 15/150  (lr=5.00e-05) ---
control_scale: 1.463550090789795
  train — total: 0.2638  recon: 0.0796  mtf: 0.0421
  val   — total: 0.3750  recon: 0.0797  mtf: 0.1544

--- Epoch 16/150  (lr=5.00e-05) ---
control_scale: 1.4631171226501465
  train — total: 0.2623  recon: 0.0796  mtf: 0.0407
  val   — total: 0.3826  recon: 0.0798  mtf: 0.1327

--- Epoch 17/150  (lr=5.00e-05) ---
control_scale: 1.4627009630203247
  train — total: 0.2628  recon: 0.0796  mtf: 0.0411
  val   — total: 0.3820  recon: 0.0798  mtf: 0.1522

--- Epoch 18/150  (lr=5.00e-05) ---
control_scale: 1.4621644020080566
  train — total: 0.2613  recon: 0.0796  mtf: 0.0399
  val   — total: 0.3939  recon: 0.0798  mtf: 0.1710

--- Epoch 19/150  (lr=5.00e-05) ---
control_scale: 1.46184241771698
  train — total: 0.2612  recon: 0.0796  mtf: 0.0403
  val   — total: 0.3957  recon: 0.0797  mtf: 0.1841

--- Epoch 20/150  (lr=5.00e-05) ---
control_scale: 1.4612053632736206
LR dropped: 5.00e-05 -> 2.50e-05
  train — total: 0.2614  recon: 0.0796  mtf: 0.0408
  val   — total: 0.3731  recon: 0.0797  mtf: 0.1556

--- Epoch 21/150  (lr=2.50e-05) ---
control_scale: 1.4607889652252197
  train — total: 0.2684  recon: 0.0796  mtf: 0.0382
  val   — total: 0.3658  recon: 0.0797  mtf: 0.1287

--- Epoch 22/150  (lr=2.50e-05) ---
