Job ID: 3183171
Node: gput066
GPU: 0
Start time: Thu Mar  5 11:44:42 EST 2026
Finding volume pairs...
Found 32 volume pairs
Cached 64 unique volumes

Dataset length: 32

First sample volume ID: M0RGZYGQ6366
Smooth volume shape: (512, 512, 60)
Sharp volume shape: (512, 512, 60)
Smooth file: M0RGZYGQ6366_filter_CB.nii
Sharp file: M0RGZYGQ6366_filter_YA.nii
Affine shape: (4, 4)

Iterating through first 3 volumes:
Volume 0: M0RGZYGQ6366, Shape: (512, 512, 60)
Volume 1: MC0O45BIX5, Shape: (512, 512, 60)
Volume 2: MG4G8L09, Shape: (512, 512, 50)
Loaded model successfully
Finding volume pairs...
Found 32 volume pairs
Cached 64 unique volumes
Loaded test dataset

Processing volume 1/32
Saved: M0RGZYGQ6366_CB_to_YA.nii.gz and M0RGZYGQ6366_YA_to_CB.nii.gz

Processing volume 2/32
Saved: MC0O45BIX5_B_to_E.nii.gz and MC0O45BIX5_E_to_B.nii.gz

Processing volume 3/32
Saved: MG4G8L09_B_to_E.nii.gz and MG4G8L09_E_to_B.nii.gz

Processing volume 4/32
Saved: MV3871M7_B_to_E.nii.gz and MV3871M7_E_to_B.nii.gz

Processing volume 5/32
Saved: MYEOOB427CBE_CB_to_YA.nii.gz and MYEOOB427CBE_YA_to_CB.nii.gz

Processing volume 6/32
Saved: N07R3A_B_to_E.nii.gz and N07R3A_E_to_B.nii.gz

Processing volume 7/32
Saved: N471MP8NFM7_B_to_E.nii.gz and N471MP8NFM7_E_to_B.nii.gz

Processing volume 8/32
Saved: NAQR39Z19_B_to_YA.nii.gz and NAQR39Z19_YA_to_B.nii.gz

Processing volume 9/32
Saved: O3I6CY3G8D_B_to_E.nii.gz and O3I6CY3G8D_E_to_B.nii.gz

Processing volume 10/32
Saved: O659YF_B_to_E.nii.gz and O659YF_E_to_B.nii.gz

Processing volume 11/32
Saved: PJ781D1_CB_to_YA.nii.gz and PJ781D1_YA_to_CB.nii.gz

Processing volume 12/32
Saved: Q20012_B_to_E.nii.gz and Q20012_E_to_B.nii.gz

Processing volume 13/32
Saved: Q860KU102P_CB_to_YA.nii.gz and Q860KU102P_YA_to_CB.nii.gz

Processing volume 14/32
Saved: QQ231C67X_B_to_D.nii.gz and QQ231C67X_D_to_B.nii.gz

Processing volume 15/32
Saved: QR659408B7_B_to_E.nii.gz and QR659408B7_E_to_B.nii.gz

Processing volume 16/32
Saved: R2KF0K9F96_B_to_E.nii.gz and R2KF0K9F96_E_to_B.nii.gz

Processing volume 17/32
Saved: R2PG9JPY_CB_to_YA.nii.gz and R2PG9JPY_YA_to_CB.nii.gz

Processing volume 18/32
Saved: RA87R59_CB_to_YA.nii.gz and RA87R59_YA_to_CB.nii.gz

Processing volume 19/32
Saved: S6TZO0L2978_CB_to_YA.nii.gz and S6TZO0L2978_YA_to_CB.nii.gz

Processing volume 20/32
Saved: S7YMU7T07_B_to_E.nii.gz and S7YMU7T07_E_to_B.nii.gz

Processing volume 21/32
Saved: S9A84DM_B_to_E.nii.gz and S9A84DM_E_to_B.nii.gz

Processing volume 22/32
Saved: SH6CP7831I7_B_to_E.nii.gz and SH6CP7831I7_E_to_B.nii.gz

Processing volume 23/32
Saved: T3OYPM_B_to_E.nii.gz and T3OYPM_E_to_B.nii.gz

Processing volume 24/32
Saved: TF93L91I3_B_to_E.nii.gz and TF93L91I3_E_to_B.nii.gz

Processing volume 25/32
Saved: U6C3Z85_B_to_E.nii.gz and U6C3Z85_E_to_B.nii.gz

Processing volume 26/32
Saved: UFN658XF_B_to_YA.nii.gz and UFN658XF_YA_to_B.nii.gz

Processing volume 27/32
Saved: UXP6V9_B_to_E.nii.gz and UXP6V9_E_to_B.nii.gz

Processing volume 28/32
Saved: XL2454041_CB_to_YA.nii.gz and XL2454041_YA_to_CB.nii.gz

Processing volume 29/32
Saved: XT837Y9_B_to_E.nii.gz and XT837Y9_E_to_B.nii.gz

Processing volume 30/32
Saved: YCGB25V9K0O_B_to_D.nii.gz and YCGB25V9K0O_D_to_B.nii.gz

Processing volume 31/32
Saved: ZDR2ZYM54783_B_to_E.nii.gz and ZDR2ZYM54783_E_to_B.nii.gz

Processing volume 32/32
Saved: ZUB1H0_B_to_E.nii.gz and ZUB1H0_E_to_B.nii.gz

Reconstruction complete! All files saved to: /home/cxv166/PhantomTesting/reconstructions
End time: Thu Mar  5 11:46:41 EST 2026
